\BOOKMARK [0][-]{chapter.1}{\376\377\000I\000n\000t\000r\000o\000d\000u\000c\000t\000i\000o\000n}{}% 1
\BOOKMARK [0][-]{chapter.2}{\376\377\000B\000a\000c\000k\000g\000r\000o\000u\000n\000d}{}% 2
\BOOKMARK [0][-]{chapter.3}{\376\377\000M\000e\000t\000h\000o\000d\000s}{}% 3
\BOOKMARK [0][-]{chapter.4}{\376\377\000I\000m\000p\000l\000e\000m\000e\000n\000t\000a\000t\000i\000o\000n}{}% 4
\BOOKMARK [0][-]{chapter.5}{\376\377\000R\000e\000s\000u\000l\000t\000s}{}% 5
\BOOKMARK [0][-]{chapter.6}{\376\377\000C\000o\000n\000c\000l\000u\000s\000i\000o\000n}{}% 6
\BOOKMARK [0][-]{chapter.6}{\376\377\000R\000e\000f\000e\000r\000e\000n\000c\000e\000s}{}% 7
\BOOKMARK [0][-]{appendix.A}{\376\377\000D\000e\000r\000i\000v\000a\000t\000i\000o\000n\000s}{}% 8
\BOOKMARK [1][-]{section.A.1}{\376\377\000M\000a\000g\000n\000e\000t\000o\000h\000y\000d\000r\000o\000d\000y\000n\000a\000m\000i\000c\000s\000\040\000\050\000M\000H\000D\000\051}{appendix.A}% 9
\BOOKMARK [1][-]{section.A.2}{\376\377\000M\000H\000D\000\040\000W\000a\000v\000e\000s}{appendix.A}% 10
\BOOKMARK [1][-]{section.A.3}{\376\377\000D\000e\000r\000i\000v\000a\000t\000i\000o\000n\000\040\000o\000f\000\040\000A\000l\000f\000v\000\351\000n\000\040\000W\000a\000v\000e\000s}{appendix.A}% 11
\BOOKMARK [1][-]{section.A.4}{\376\377\000D\000e\000r\000i\000v\000a\000t\000i\000o\000n\000\040\000o\000f\000\040\000M\000a\000g\000n\000e\000t\000o\000s\000o\000n\000i\000c\000\040\000W\000a\000v\000e\000s}{appendix.A}% 12
\BOOKMARK [2][-]{subsection.A.4.1}{\376\377\000P\000a\000r\000a\000l\000l\000e\000l\000\040\000P\000r\000o\000p\000a\000g\000a\000t\000i\000o\000n\000:\000\040\000k\000=\0000}{section.A.4}% 13
\BOOKMARK [2][-]{subsection.A.4.2}{\376\377\000P\000e\000r\000p\000e\000n\000d\000i\000c\000u\000l\000a\000r\000\040\000P\000r\000o\000p\000a\000g\000a\000t\000i\000o\000n\000:\000\040\000k\000=\0000}{section.A.4}% 14
\BOOKMARK [2][-]{subsection.A.4.3}{\376\377\000A\000n\000i\000s\000o\000t\000r\000o\000p\000i\000c\000\040\000P\000e\000r\000t\000u\000r\000b\000a\000t\000i\000o\000n\000s\000\040\000k\000\040\000k}{section.A.4}% 15
\BOOKMARK [1][-]{section.A.5}{\376\377\000R\000M\000H\000D\000\040\000i\000n\000\040\000S\000t\000r\000a\000i\000g\000h\000t\000\040\000F\000i\000e\000l\000d\000\040\000w\000i\000t\000h\000\040\000P\000e\000r\000p\000e\000n\000d\000i\000c\000u\000l\000a\000r\000\040\000S\000h\000e\000a\000r}{appendix.A}% 16
\BOOKMARK [2][-]{subsection.A.5.1}{\376\377\000O\000r\000d\000e\000r\000i\000n\000g\000\040\000a\000n\000d\000\040\000P\000o\000t\000e\000n\000t\000i\000a\000l\000s}{section.A.5}% 17
\BOOKMARK [2][-]{subsection.A.5.2}{\376\377\000A\000l\000f\000v\000\351\000n\000i\000c\000\040\000P\000e\000r\000t\000u\000r\000b\000a\000t\000i\000o\000n\000s}{section.A.5}% 18
\BOOKMARK [2][-]{subsection.A.5.3}{\376\377\000C\000o\000m\000p\000r\000e\000s\000s\000i\000v\000e\000\040\000P\000e\000r\000t\000u\000r\000b\000a\000t\000i\000o\000n\000s}{section.A.5}% 19
\BOOKMARK [2][-]{subsection.A.5.4}{\376\377\000E\000n\000t\000r\000o\000p\000y\000\040\000M\000o\000d\000e}{section.A.5}% 20
\BOOKMARK [2][-]{subsection.A.5.5}{\376\377\000E\000l\000s\000a\000s\000s\000e\000r\000\040\000F\000o\000r\000m\000u\000l\000a\000t\000i\000o\000n\000\040\000a\000n\000d\000\040\000E\000n\000e\000r\000g\000y}{section.A.5}% 21
\BOOKMARK [0][-]{appendix.B}{\376\377\000S\000o\000u\000r\000c\000e\000\040\000C\000o\000d\000e\000\040\000f\000o\000r\000\040\000t\000h\000e\000s\000i\000s\000.\000d\000v\000i}{}% 22
\BOOKMARK [1][-]{section.B.1}{\376\377\000t\000h\000e\000s\000i\000s\000.\000t\000e\000x}{appendix.B}% 23
\BOOKMARK [2][-]{subsection.B.1.1}{\376\377\000a\000b\000s\000t\000r\000a\000c\000t\000.\000t\000e\000x}{section.B.1}% 24
\BOOKMARK [2][-]{subsection.B.1.2}{\376\377\000a\000c\000k\000n\000o\000w\000l\000e\000d\000g\000e\000m\000e\000n\000t\000s\000.\000t\000e\000x}{section.B.1}% 25
\BOOKMARK [2][-]{subsection.B.1.3}{\376\377\000i\000n\000t\000r\000o\000.\000t\000e\000x}{section.B.1}% 26
\BOOKMARK [2][-]{subsection.B.1.4}{\376\377\000l\000i\000t\000e\000r\000a\000t\000u\000r\000e\000.\000t\000e\000x}{section.B.1}% 27
\BOOKMARK [2][-]{subsection.B.1.5}{\376\377\000n\000e\000w\000\137\000i\000d\000e\000a\000s\000.\000t\000e\000x}{section.B.1}% 28
\BOOKMARK [2][-]{subsection.B.1.6}{\376\377\000i\000m\000p\000l\000e\000m\000e\000n\000t\000a\000t\000i\000o\000n\000.\000t\000e\000x}{section.B.1}% 29
\BOOKMARK [2][-]{subsection.B.1.7}{\376\377\000r\000e\000s\000u\000l\000t\000s\000.\000t\000e\000x}{section.B.1}% 30
\BOOKMARK [2][-]{subsection.B.1.8}{\376\377\000c\000o\000n\000c\000l\000u\000s\000i\000o\000n\000.\000t\000e\000x}{section.B.1}% 31
